Checking source: https://www.youtube.com/playlist?list=PLvAyFccyE6iOFgCAT4RaYxz2JUpNWwk9u
No videos found or error occurred.
Checking source: https://www.youtube.com/playlist?list=PLvAyFccyE6iOFgCAT4RaYxz2JUpNWwk9u
No videos found or error occurred.
Checking source: https://www.youtube.com/playlist?list=PLvAyFccyE6iOFgCAT4RaYxz2JUpNWwk9u
No videos found or error occurred.
Checking source: https://www.youtube.com/playlist?list=PLvAyFccyE6iOFgCAT4RaYxz2JUpNWwk9u
No videos found or error occurred.
Checking source: https://www.youtube.com/playlist?list=PLvAyFccyE6iOFgCAT4RaYxz2JUpNWwk9u
No videos found or error occurred.
Checking source: https://www.youtube.com/playlist?list=PLvAyFccyE6iOFgCAT4RaYxz2JUpNWwk9u
New video found: L'AI sta rendendo la Gen Z nichilista?
Downloading thumbnail for 524tRTx3WXA...
Saved L'AI sta rendendo la Gen Z nichilista? to /Users/danilofiumi/Projects/YT/Videoupdater/downloads/524tRTx3WXA
README.md updated (sorted by latest upload).
Syncing with GitHub...
[main 23cb559] Auto-update: New videos and gallery updated
 6 files changed, 35 insertions(+), 3 deletions(-)
 create mode 100644 downloads/524tRTx3WXA/metadata.json
 create mode 100644 downloads/524tRTx3WXA/thumbnail.jpg
Changes pushed to GitHub successfully.
Sending Slack notification...
Slack notification sent.
Check complete.
Checking source: https://www.youtube.com/playlist?list=PLvAyFccyE6iOFgCAT4RaYxz2JUpNWwk9u
Sending Slack notification...
Slack notification sent.
Check complete.
Checking source: https://www.youtube.com/playlist?list=PLvAyFccyE6iOFgCAT4RaYxz2JUpNWwk9u
New video found: L'AI ci rende DELIRANTI?
Downloading thumbnail for KcI9-ZBY0Yw...
Saved L'AI ci rende DELIRANTI? to /Users/danilofiumi/Projects/YT/Videoupdater/downloads/KcI9-ZBY0Yw
README.md updated (sorted by latest upload).
Syncing with GitHub...
[main 404f41b] Auto-update: New videos and gallery updated
 5 files changed, 16 insertions(+), 1 deletion(-)
 create mode 100644 downloads/KcI9-ZBY0Yw/metadata.json
 create mode 100644 downloads/KcI9-ZBY0Yw/thumbnail.jpg
Changes pushed to GitHub successfully.
Sending Slack notification...
Slack notification sent.
Check complete.
Checking source: https://www.youtube.com/playlist?list=PLvAyFccyE6iOFgCAT4RaYxz2JUpNWwk9u
Sending Slack notification...
Slack notification sent.
Check complete.
Checking source: https://www.youtube.com/playlist?list=PLvAyFccyE6iOFgCAT4RaYxz2JUpNWwk9u
Sending Slack notification...
Check complete.
Checking source: https://www.youtube.com/playlist?list=PLvAyFccyE6iOFgCAT4RaYxz2JUpNWwk9u
New video found: Perché NON dovresti INFORMARTI (e forse è proprio questo il problema)
Downloading thumbnail for cXL7ftLX2KA...
Saved Perché NON dovresti INFORMARTI (e forse è proprio questo il problema) to /Users/danilofiumi/Projects/YT/Videoupdater/downloads/cXL7ftLX2KA
README.md updated (sorted by latest upload).
Syncing with GitHub...
